NtGlobalFlag enables following debugging aids for new heaps:
    stack back traces
LFH Key                   : 0x71d2876e
Termination on corruption : ENABLED
  Heap     Flags   Reserv  Commit  Virt   Free  List   UCR  Virt  Lock  Fast 
                    (k)     (k)    (k)     (k) length      blocks cont. heap 
-----------------------------------------------------------------------------
03550000 08000002   16472  11616  16364    188    46     5    0      0   LFH
05210000 08001002      60     12     60      0     2     1    0      0      
05630000 08001002     168     32     60      2     5     1    0      0   LFH
-----------------------------------------------------------------------------
0:005> !heap -stat -h 03550000 
 heap @ 03550000
group-by: TOTSIZE max-display: 20
    size     #blocks     total     ( %) (percent of total busy bytes)
    2800 4d - c0800  (80.99)
    3980 1 - 3980  (1.51)
    d0 46 - 38e0  (1.50)
    2c7c 1 - 2c7c  (1.17)
    20 139 - 2720  (1.03)
    68 50 - 2080  (0.85)
    2000 1 - 2000  (0.84)
    200 f - 1e00  (0.79)
    1d56 1 - 1d56  (0.77)
    a8 2a - 1b90  (0.72)
    c00 2 - 1800  (0.63)
    800 3 - 1800  (0.63)
    17fe 1 - 17fe  (0.63)
    10 163 - 1630  (0.58)
    6c8 2 - d90  (0.36)
    2a0 4 - a80  (0.28)
    a00 1 - a00  (0.26)
    100 a - a00  (0.26)
    9b8 1 - 9b8  (0.26)
    473 2 - 8e6  (0.23)
0:005> !heap -flt s 2800 
    _HEAP @ 3550000
      HEAP_ENTRY Size Prev Flags    UserPtr UserSize - state
        0359b578 0503 0000  [00]   0359b590    02800 - (busy)
        0359dd90 0503 0503  [00]   0359dda8    02800 - (busy)
        035a05a8 0503 0503  [00]   035a05c0    02800 - (busy)
        035a2dc0 0503 0503  [00]   035a2dd8    02800 - (busy)
        035a55d8 0503 0503  [00]   035a55f0    02800 - (busy)
        035a7df0 0503 0503  [00]   035a7e08    02800 - (busy)
        035aa608 0503 0503  [00]   035aa620    02800 - (busy)
        035ace20 0503 0503  [00]   035ace38    02800 - (busy)
        035af638 0503 0503  [00]   035af650    02800 - (busy)
        035b1e50 0503 0503  [00]   035b1e68    02800 - (busy)
        035b4668 0503 0503  [00]   035b4680    02800 - (busy)
        035b6e80 0503 0503  [00]   035b6e98    02800 - (busy)
        035b9698 0503 0503  [00]   035b96b0    02800 - (busy)
        035bbeb0 0503 0503  [00]   035bbec8    02800 - (busy)
        035be6c8 0503 0503  [00]   035be6e0    02800 - (busy)
        035c0ee0 0503 0503  [00]   035c0ef8    02800 - (busy)
        035c36f8 0503 0503  [00]   035c3710    02800 - (busy)
        035c5f48 0541 0503  [00]   035c5f60    02800 - (busy)
        035c8950 0541 0541  [00]   035c8968    02800 - (busy)
        035cb358 0541 0541  [00]   035cb370    02800 - (busy)
        035cdd60 0541 0541  [00]   035cdd78    02800 - (busy)
        035d0768 0541 0541  [00]   035d0780    02800 - (busy)
        035d3170 0541 0541  [00]   035d3188    02800 - (busy)
        035d5b78 0541 0541  [00]   035d5b90    02800 - (busy)
        035d8580 0541 0541  [00]   035d8598    02800 - (busy)
        035daf88 0541 0541  [00]   035dafa0    02800 - (busy)
        035dd990 0541 0541  [00]   035dd9a8    02800 - (busy)
        035e0398 0541 0541  [00]   035e03b0    02800 - (busy)
        035e2da0 0541 0541  [00]   035e2db8    02800 - (busy)
        035e5f60 0541 0541  [00]   035e5f78    02800 - (busy)
        035e8968 0541 0541  [00]   035e8980    02800 - (busy)
        035eb370 0541 0541  [00]   035eb388    02800 - (busy)
        035edd78 0541 0541  [00]   035edd90    02800 - (busy)
        035f0780 0541 0541  [00]   035f0798    02800 - (busy)
        035f3188 0541 0541  [00]   035f31a0    02800 - (busy)
        035f5b90 0541 0541  [00]   035f5ba8    02800 - (busy)
        035f8598 0541 0541  [00]   035f85b0    02800 - (busy)
        035fafa0 0541 0541  [00]   035fafb8    02800 - (busy)
        035fd9a8 0541 0541  [00]   035fd9c0    02800 - (busy)
        036003b0 0541 0541  [00]   036003c8    02800 - (busy)
        03602db8 0541 0541  [00]   03602dd0    02800 - (busy)
        036057c0 0541 0541  [00]   036057d8    02800 - (busy)
        036081c8 0541 0541  [00]   036081e0    02800 - (busy)
        0360abd0 0541 0541  [00]   0360abe8    02800 - (busy)
        0360d5d8 0541 0541  [00]   0360d5f0    02800 - (busy)
        0360ffe0 0541 0541  [00]   0360fff8    02800 - (busy)
        036129e8 0541 0541  [00]   03612a00    02800 - (busy)
        036153f0 0541 0541  [00]   03615408    02800 - (busy)
        03617df8 0541 0541  [00]   03617e10    02800 - (busy)
        0361a800 0541 0541  [00]   0361a818    02800 - (busy)
        0361d208 0541 0541  [00]   0361d220    02800 - (busy)
        0361fc10 0541 0541  [00]   0361fc28    02800 - (busy)
        03622618 0541 0541  [00]   03622630    02800 - (busy)
        05780078 0541 0541  [00]   05780090    02800 - (busy)
        05782a80 0541 0541  [00]   05782a98    02800 - (busy)
        05785488 0541 0541  [00]   057854a0    02800 - (busy)
        05787e90 0541 0541  [00]   05787ea8    02800 - (busy)
        0578a898 0541 0541  [00]   0578a8b0    02800 - (busy)
        0578d2a0 0541 0541  [00]   0578d2b8    02800 - (busy)
        0578fca8 0541 0541  [00]   0578fcc0    02800 - (busy)
        057926b0 0541 0541  [00]   057926c8    02800 - (busy)
        057950b8 0541 0541  [00]   057950d0    02800 - (busy)
        05797ac0 0541 0541  [00]   05797ad8    02800 - (busy)
        0579a4c8 0541 0541  [00]   0579a4e0    02800 - (busy)
        0579ced0 0541 0541  [00]   0579cee8    02800 - (busy)
        0579f8d8 0541 0541  [00]   0579f8f0    02800 - (busy)
        057a22e0 0541 0541  [00]   057a22f8    02800 - (busy)
        057a4ce8 0541 0541  [00]   057a4d00    02800 - (busy)
        057a76f0 0541 0541  [00]   057a7708    02800 - (busy)
        057aa0f8 0541 0541  [00]   057aa110    02800 - (busy)
        057acb00 0541 0541  [00]   057acb18    02800 - (busy)
        057af508 0541 0541  [00]   057af520    02800 - (busy)
        057b1f10 0541 0541  [00]   057b1f28    02800 - (busy)
        057b4918 0541 0541  [00]   057b4930    02800 - (busy)
        057b7320 0541 0541  [00]   057b7338    02800 - (busy)
        057b9d28 0541 0541  [00]   057b9d40    02800 - (busy)
        057bc730 0541 0541  [00]   057bc748    02800 - (busy)
    _HEAP @ 5210000
    _HEAP @ 5630000
0:005> !heap -p -a 036057c0  
    address 036057c0 found in
    _HEAP @ 3550000
      HEAP_ENTRY Size Prev Flags    UserPtr UserSize - state
        036057c0 0541 0000  [00]   036057d8    02800 - (busy)
        774af3ff ntdll!RtlpCallInterceptRoutine+0x00000026
        77475e11 ntdll!RtlpAllocateHeapInternal+0x00053081
        77422d7e ntdll!RtlAllocateHeap+0x0000003e
        66e9ed63 MSVCR120!malloc+0x00000049
        66e9ee1f MSVCR120!operator new+0x0000001d
        9b3adf MemLeak!MemLeak::run+0x0000002f
        665dc1f4 Qt5Core!QThread::start+0x00000334

 
